[2023-04-11 13:29:25,294] INFO [edu.AnastasiiaTkachuk.HibernateRunner: 29] User entity is in transient state, object: User(username=ivan@gmail.com, firstname=Ivan, lastname=Ivanov, birthday=null, role=null)
[2023-04-11 13:29:25,486] INFO [org.hibernate.Version: 44] HHH000412: Hibernate ORM core version 6.1.7.Final
[2023-04-11 13:29:26,737] WARN [org.hibernate.orm.connections.pooling: 80] HHH10001002: Using built-in connection pool (not intended for production use)
[2023-04-11 13:29:26,742] INFO [org.hibernate.orm.connections.pooling: 139] HHH10001005: Loaded JDBC driver class: org.postgresql.Driver
[2023-04-11 13:29:26,742] INFO [org.hibernate.orm.connections.pooling: 161] HHH10001012: Connecting with JDBC URL [jdbc:postgresql://localhost:5432/postgres]
[2023-04-11 13:29:26,743] INFO [org.hibernate.orm.connections.pooling: 170] HHH10001001: Connection properties: {password=****, user=postgres}
[2023-04-11 13:29:26,743] INFO [org.hibernate.orm.connections.pooling: 174] HHH10001003: Autocommit mode: false
[2023-04-11 13:29:26,750] INFO [org.hibernate.orm.connections.pooling: 366] HHH10001115: Connection pool size: 20 (min=1)
[2023-04-11 13:29:27,241] INFO [SQL dialect: 66] HHH000400: Using dialect: org.hibernate.dialect.PostgreSQLDialect
[2023-04-11 13:29:28,975] INFO [org.hibernate.engine.transaction.jta.platform.internal.JtaPlatformInitiator: 51] HHH000490: Using JtaPlatform implementation: [org.hibernate.engine.transaction.jta.platform.internal.NoJtaPlatform]
[2023-04-11 13:29:29,175] WARN [edu.AnastasiiaTkachuk.HibernateRunner: 42] User is in detached state: User(username=ivan@gmail.com, firstname=Ivan, lastname=Ivanov, birthday=null, role=null), session is closeSessionImpl(512029640<closed>)
[2023-04-11 13:29:29,178] INFO [org.hibernate.orm.connections.pooling: 608] HHH10001008: Cleaning up connection pool [jdbc:postgresql://localhost:5432/postgres]
[2023-04-11 13:32:10,453] INFO [edu.AnastasiiaTkachuk.HibernateRunner: 29] User entity is in transient state, object: User(username=ivan@gmail.com, firstname=Ivan, lastname=Ivanov, birthday=null, role=null)
[2023-04-11 13:32:10,601] INFO [org.hibernate.Version: 44] HHH000412: Hibernate ORM core version 6.1.7.Final
[2023-04-11 13:32:11,766] WARN [org.hibernate.orm.connections.pooling: 80] HHH10001002: Using built-in connection pool (not intended for production use)
[2023-04-11 13:32:11,771] INFO [org.hibernate.orm.connections.pooling: 139] HHH10001005: Loaded JDBC driver class: org.postgresql.Driver
[2023-04-11 13:32:11,772] INFO [org.hibernate.orm.connections.pooling: 161] HHH10001012: Connecting with JDBC URL [jdbc:postgresql://localhost:5432/postgres]
[2023-04-11 13:32:11,773] INFO [org.hibernate.orm.connections.pooling: 170] HHH10001001: Connection properties: {password=****, user=postgres}
[2023-04-11 13:32:11,775] INFO [org.hibernate.orm.connections.pooling: 174] HHH10001003: Autocommit mode: false
[2023-04-11 13:32:11,780] INFO [org.hibernate.orm.connections.pooling: 366] HHH10001115: Connection pool size: 20 (min=1)
[2023-04-11 13:32:12,182] INFO [SQL dialect: 66] HHH000400: Using dialect: org.hibernate.dialect.PostgreSQLDialect
[2023-04-11 13:32:13,849] INFO [org.hibernate.engine.transaction.jta.platform.internal.JtaPlatformInitiator: 51] HHH000490: Using JtaPlatform implementation: [org.hibernate.engine.transaction.jta.platform.internal.NoJtaPlatform]
[2023-04-11 13:32:14,053] WARN [edu.AnastasiiaTkachuk.HibernateRunner: 42] User is in detached state: User(username=ivan@gmail.com, firstname=Ivan, lastname=Ivanov, birthday=null, role=null), session is closeSessionImpl(871461513<closed>)
[2023-04-11 13:32:14,055] INFO [org.hibernate.orm.connections.pooling: 608] HHH10001008: Cleaning up connection pool [jdbc:postgresql://localhost:5432/postgres]
[2023-04-12 17:16:28,282] INFO [org.hibernate.Version: 44] HHH000412: Hibernate ORM core version 6.1.7.Final
[2023-04-12 17:16:29,647] WARN [org.hibernate.orm.connections.pooling: 80] HHH10001002: Using built-in connection pool (not intended for production use)
[2023-04-12 17:16:29,655] INFO [org.hibernate.orm.connections.pooling: 139] HHH10001005: Loaded JDBC driver class: org.postgresql.Driver
[2023-04-12 17:16:29,656] INFO [org.hibernate.orm.connections.pooling: 161] HHH10001012: Connecting with JDBC URL [jdbc:postgresql://localhost:5432/postgres]
[2023-04-12 17:16:29,657] INFO [org.hibernate.orm.connections.pooling: 170] HHH10001001: Connection properties: {password=****, user=postgres}
[2023-04-12 17:16:29,657] INFO [org.hibernate.orm.connections.pooling: 174] HHH10001003: Autocommit mode: false
[2023-04-12 17:16:29,665] INFO [org.hibernate.orm.connections.pooling: 366] HHH10001115: Connection pool size: 20 (min=1)
[2023-04-12 17:16:30,301] INFO [SQL dialect: 66] HHH000400: Using dialect: org.hibernate.dialect.PostgreSQLDialect
[2023-04-12 17:16:32,472] INFO [org.hibernate.engine.transaction.jta.platform.internal.JtaPlatformInitiator: 51] HHH000490: Using JtaPlatform implementation: [org.hibernate.engine.transaction.jta.platform.internal.NoJtaPlatform]
[2023-04-12 17:16:32,773] INFO [org.hibernate.orm.connections.pooling: 608] HHH10001008: Cleaning up connection pool [jdbc:postgresql://localhost:5432/postgres]
[2023-04-12 17:21:22,662] INFO [org.hibernate.Version: 44] HHH000412: Hibernate ORM core version 6.1.7.Final
[2023-04-12 17:21:24,038] WARN [org.hibernate.orm.connections.pooling: 80] HHH10001002: Using built-in connection pool (not intended for production use)
[2023-04-12 17:21:24,045] INFO [org.hibernate.orm.connections.pooling: 139] HHH10001005: Loaded JDBC driver class: org.postgresql.Driver
[2023-04-12 17:21:24,046] INFO [org.hibernate.orm.connections.pooling: 161] HHH10001012: Connecting with JDBC URL [jdbc:postgresql://localhost:5432/postgres]
[2023-04-12 17:21:24,046] INFO [org.hibernate.orm.connections.pooling: 170] HHH10001001: Connection properties: {password=****, user=postgres}
[2023-04-12 17:21:24,047] INFO [org.hibernate.orm.connections.pooling: 174] HHH10001003: Autocommit mode: false
[2023-04-12 17:21:24,052] INFO [org.hibernate.orm.connections.pooling: 366] HHH10001115: Connection pool size: 20 (min=1)
[2023-04-12 17:21:24,528] INFO [SQL dialect: 66] HHH000400: Using dialect: org.hibernate.dialect.PostgreSQLDialect
[2023-04-12 17:21:25,887] INFO [org.hibernate.engine.transaction.jta.platform.internal.JtaPlatformInitiator: 51] HHH000490: Using JtaPlatform implementation: [org.hibernate.engine.transaction.jta.platform.internal.NoJtaPlatform]
[2023-04-12 17:21:26,135] INFO [org.hibernate.orm.connections.pooling: 608] HHH10001008: Cleaning up connection pool [jdbc:postgresql://localhost:5432/postgres]
[2023-04-12 17:34:28,060] INFO [org.hibernate.Version: 44] HHH000412: Hibernate ORM core version 6.1.7.Final
[2023-04-12 17:34:29,664] WARN [org.hibernate.orm.connections.pooling: 80] HHH10001002: Using built-in connection pool (not intended for production use)
[2023-04-12 17:34:29,672] INFO [org.hibernate.orm.connections.pooling: 139] HHH10001005: Loaded JDBC driver class: org.postgresql.Driver
[2023-04-12 17:34:29,672] INFO [org.hibernate.orm.connections.pooling: 161] HHH10001012: Connecting with JDBC URL [jdbc:postgresql://localhost:5432/postgres]
[2023-04-12 17:34:29,673] INFO [org.hibernate.orm.connections.pooling: 170] HHH10001001: Connection properties: {password=****, user=postgres}
[2023-04-12 17:34:29,673] INFO [org.hibernate.orm.connections.pooling: 174] HHH10001003: Autocommit mode: false
[2023-04-12 17:34:29,679] INFO [org.hibernate.orm.connections.pooling: 366] HHH10001115: Connection pool size: 20 (min=1)
[2023-04-12 17:34:30,187] INFO [SQL dialect: 66] HHH000400: Using dialect: org.hibernate.dialect.PostgreSQLDialect
[2023-04-12 17:34:32,286] INFO [org.hibernate.engine.transaction.jta.platform.internal.JtaPlatformInitiator: 51] HHH000490: Using JtaPlatform implementation: [org.hibernate.engine.transaction.jta.platform.internal.NoJtaPlatform]
[2023-04-12 17:34:32,491] INFO [org.hibernate.orm.connections.pooling: 608] HHH10001008: Cleaning up connection pool [jdbc:postgresql://localhost:5432/postgres]
[2023-04-12 17:41:36,093] INFO [org.hibernate.Version: 44] HHH000412: Hibernate ORM core version 6.1.7.Final
[2023-04-12 17:41:37,124] WARN [org.hibernate.orm.connections.pooling: 80] HHH10001002: Using built-in connection pool (not intended for production use)
[2023-04-12 17:41:37,128] INFO [org.hibernate.orm.connections.pooling: 139] HHH10001005: Loaded JDBC driver class: org.postgresql.Driver
[2023-04-12 17:41:37,129] INFO [org.hibernate.orm.connections.pooling: 161] HHH10001012: Connecting with JDBC URL [jdbc:postgresql://localhost:5432/postgres]
[2023-04-12 17:41:37,129] INFO [org.hibernate.orm.connections.pooling: 170] HHH10001001: Connection properties: {password=****, user=postgres}
[2023-04-12 17:41:37,130] INFO [org.hibernate.orm.connections.pooling: 174] HHH10001003: Autocommit mode: false
[2023-04-12 17:41:37,135] INFO [org.hibernate.orm.connections.pooling: 366] HHH10001115: Connection pool size: 20 (min=1)
[2023-04-12 17:41:37,501] INFO [SQL dialect: 66] HHH000400: Using dialect: org.hibernate.dialect.PostgreSQLDialect
[2023-04-12 17:41:38,758] INFO [org.hibernate.engine.transaction.jta.platform.internal.JtaPlatformInitiator: 51] HHH000490: Using JtaPlatform implementation: [org.hibernate.engine.transaction.jta.platform.internal.NoJtaPlatform]
[2023-04-12 17:41:38,933] INFO [org.hibernate.orm.connections.pooling: 608] HHH10001008: Cleaning up connection pool [jdbc:postgresql://localhost:5432/postgres]
[2023-04-12 18:01:20,528] INFO [org.hibernate.Version: 44] HHH000412: Hibernate ORM core version 6.1.7.Final
[2023-04-12 18:01:21,787] WARN [org.hibernate.orm.connections.pooling: 80] HHH10001002: Using built-in connection pool (not intended for production use)
[2023-04-12 18:01:21,792] INFO [org.hibernate.orm.connections.pooling: 139] HHH10001005: Loaded JDBC driver class: org.postgresql.Driver
[2023-04-12 18:01:21,792] INFO [org.hibernate.orm.connections.pooling: 161] HHH10001012: Connecting with JDBC URL [jdbc:postgresql://localhost:5432/postgres]
[2023-04-12 18:01:21,793] INFO [org.hibernate.orm.connections.pooling: 170] HHH10001001: Connection properties: {password=****, user=postgres}
[2023-04-12 18:01:21,793] INFO [org.hibernate.orm.connections.pooling: 174] HHH10001003: Autocommit mode: false
[2023-04-12 18:01:21,801] INFO [org.hibernate.orm.connections.pooling: 366] HHH10001115: Connection pool size: 20 (min=1)
[2023-04-12 18:01:22,351] INFO [SQL dialect: 66] HHH000400: Using dialect: org.hibernate.dialect.PostgreSQLDialect
[2023-04-12 18:01:23,911] INFO [org.hibernate.engine.transaction.jta.platform.internal.JtaPlatformInitiator: 51] HHH000490: Using JtaPlatform implementation: [org.hibernate.engine.transaction.jta.platform.internal.NoJtaPlatform]
[2023-04-12 18:01:24,168] INFO [org.hibernate.orm.connections.pooling: 608] HHH10001008: Cleaning up connection pool [jdbc:postgresql://localhost:5432/postgres]
[2023-04-12 18:03:48,056] INFO [org.hibernate.Version: 44] HHH000412: Hibernate ORM core version 6.1.7.Final
[2023-04-12 18:03:49,317] WARN [org.hibernate.orm.connections.pooling: 80] HHH10001002: Using built-in connection pool (not intended for production use)
[2023-04-12 18:03:49,321] INFO [org.hibernate.orm.connections.pooling: 139] HHH10001005: Loaded JDBC driver class: org.postgresql.Driver
[2023-04-12 18:03:49,322] INFO [org.hibernate.orm.connections.pooling: 161] HHH10001012: Connecting with JDBC URL [jdbc:postgresql://localhost:5432/postgres]
[2023-04-12 18:03:49,322] INFO [org.hibernate.orm.connections.pooling: 170] HHH10001001: Connection properties: {password=****, user=postgres}
[2023-04-12 18:03:49,323] INFO [org.hibernate.orm.connections.pooling: 174] HHH10001003: Autocommit mode: false
[2023-04-12 18:03:49,331] INFO [org.hibernate.orm.connections.pooling: 366] HHH10001115: Connection pool size: 20 (min=1)
[2023-04-12 18:03:49,933] INFO [SQL dialect: 66] HHH000400: Using dialect: org.hibernate.dialect.PostgreSQLDialect
[2023-04-12 18:03:51,505] INFO [org.hibernate.engine.transaction.jta.platform.internal.JtaPlatformInitiator: 51] HHH000490: Using JtaPlatform implementation: [org.hibernate.engine.transaction.jta.platform.internal.NoJtaPlatform]
[2023-04-12 18:03:51,843] INFO [org.hibernate.orm.connections.pooling: 608] HHH10001008: Cleaning up connection pool [jdbc:postgresql://localhost:5432/postgres]
[2023-04-12 18:04:24,512] INFO [org.hibernate.Version: 44] HHH000412: Hibernate ORM core version 6.1.7.Final
[2023-04-12 18:04:25,842] WARN [org.hibernate.orm.connections.pooling: 80] HHH10001002: Using built-in connection pool (not intended for production use)
[2023-04-12 18:04:25,848] INFO [org.hibernate.orm.connections.pooling: 139] HHH10001005: Loaded JDBC driver class: org.postgresql.Driver
[2023-04-12 18:04:25,848] INFO [org.hibernate.orm.connections.pooling: 161] HHH10001012: Connecting with JDBC URL [jdbc:postgresql://localhost:5432/postgres]
[2023-04-12 18:04:25,849] INFO [org.hibernate.orm.connections.pooling: 170] HHH10001001: Connection properties: {password=****, user=postgres}
[2023-04-12 18:04:25,849] INFO [org.hibernate.orm.connections.pooling: 174] HHH10001003: Autocommit mode: false
[2023-04-12 18:04:25,853] INFO [org.hibernate.orm.connections.pooling: 366] HHH10001115: Connection pool size: 20 (min=1)
[2023-04-12 18:04:26,262] INFO [SQL dialect: 66] HHH000400: Using dialect: org.hibernate.dialect.PostgreSQLDialect
[2023-04-12 18:04:27,602] INFO [org.hibernate.engine.transaction.jta.platform.internal.JtaPlatformInitiator: 51] HHH000490: Using JtaPlatform implementation: [org.hibernate.engine.transaction.jta.platform.internal.NoJtaPlatform]
[2023-04-12 18:04:27,764] INFO [org.hibernate.orm.connections.pooling: 608] HHH10001008: Cleaning up connection pool [jdbc:postgresql://localhost:5432/postgres]
[2023-04-12 18:05:23,861] INFO [org.hibernate.Version: 44] HHH000412: Hibernate ORM core version 6.1.7.Final
[2023-04-12 18:05:25,307] WARN [org.hibernate.orm.connections.pooling: 80] HHH10001002: Using built-in connection pool (not intended for production use)
[2023-04-12 18:05:25,313] INFO [org.hibernate.orm.connections.pooling: 139] HHH10001005: Loaded JDBC driver class: org.postgresql.Driver
[2023-04-12 18:05:25,313] INFO [org.hibernate.orm.connections.pooling: 161] HHH10001012: Connecting with JDBC URL [jdbc:postgresql://localhost:5432/postgres]
[2023-04-12 18:05:25,314] INFO [org.hibernate.orm.connections.pooling: 170] HHH10001001: Connection properties: {password=****, user=postgres}
[2023-04-12 18:05:25,314] INFO [org.hibernate.orm.connections.pooling: 174] HHH10001003: Autocommit mode: false
[2023-04-12 18:05:25,320] INFO [org.hibernate.orm.connections.pooling: 366] HHH10001115: Connection pool size: 20 (min=1)
[2023-04-12 18:05:25,734] INFO [SQL dialect: 66] HHH000400: Using dialect: org.hibernate.dialect.PostgreSQLDialect
[2023-04-12 18:05:27,283] INFO [org.hibernate.engine.transaction.jta.platform.internal.JtaPlatformInitiator: 51] HHH000490: Using JtaPlatform implementation: [org.hibernate.engine.transaction.jta.platform.internal.NoJtaPlatform]
[2023-04-12 18:05:40,774] INFO [org.hibernate.orm.connections.pooling: 608] HHH10001008: Cleaning up connection pool [jdbc:postgresql://localhost:5432/postgres]
[2023-04-12 18:06:53,088] INFO [org.hibernate.Version: 44] HHH000412: Hibernate ORM core version 6.1.7.Final
[2023-04-12 18:06:54,124] WARN [org.hibernate.orm.connections.pooling: 80] HHH10001002: Using built-in connection pool (not intended for production use)
[2023-04-12 18:06:54,129] INFO [org.hibernate.orm.connections.pooling: 139] HHH10001005: Loaded JDBC driver class: org.postgresql.Driver
[2023-04-12 18:06:54,129] INFO [org.hibernate.orm.connections.pooling: 161] HHH10001012: Connecting with JDBC URL [jdbc:postgresql://localhost:5432/postgres]
[2023-04-12 18:06:54,130] INFO [org.hibernate.orm.connections.pooling: 170] HHH10001001: Connection properties: {password=****, user=postgres}
[2023-04-12 18:06:54,130] INFO [org.hibernate.orm.connections.pooling: 174] HHH10001003: Autocommit mode: false
[2023-04-12 18:06:54,135] INFO [org.hibernate.orm.connections.pooling: 366] HHH10001115: Connection pool size: 20 (min=1)
[2023-04-12 18:06:54,543] INFO [SQL dialect: 66] HHH000400: Using dialect: org.hibernate.dialect.PostgreSQLDialect
[2023-04-12 18:06:56,003] INFO [org.hibernate.engine.transaction.jta.platform.internal.JtaPlatformInitiator: 51] HHH000490: Using JtaPlatform implementation: [org.hibernate.engine.transaction.jta.platform.internal.NoJtaPlatform]
[2023-04-12 18:06:56,180] INFO [org.hibernate.orm.connections.pooling: 608] HHH10001008: Cleaning up connection pool [jdbc:postgresql://localhost:5432/postgres]
[2023-04-13 20:32:23,016] INFO [org.hibernate.Version: 44] HHH000412: Hibernate ORM core version 6.1.7.Final
[2023-04-13 20:32:24,284] WARN [org.hibernate.orm.connections.pooling: 80] HHH10001002: Using built-in connection pool (not intended for production use)
[2023-04-13 20:32:24,290] INFO [org.hibernate.orm.connections.pooling: 139] HHH10001005: Loaded JDBC driver class: org.postgresql.Driver
[2023-04-13 20:32:24,291] INFO [org.hibernate.orm.connections.pooling: 161] HHH10001012: Connecting with JDBC URL [jdbc:postgresql://localhost:5432/postgres]
[2023-04-13 20:32:24,292] INFO [org.hibernate.orm.connections.pooling: 170] HHH10001001: Connection properties: {password=****, user=postgres}
[2023-04-13 20:32:24,292] INFO [org.hibernate.orm.connections.pooling: 174] HHH10001003: Autocommit mode: false
[2023-04-13 20:32:24,299] INFO [org.hibernate.orm.connections.pooling: 366] HHH10001115: Connection pool size: 20 (min=1)
[2023-04-13 20:32:24,805] INFO [SQL dialect: 66] HHH000400: Using dialect: org.hibernate.dialect.PostgreSQLDialect
[2023-04-13 20:32:26,216] INFO [org.hibernate.engine.transaction.jta.platform.internal.JtaPlatformInitiator: 51] HHH000490: Using JtaPlatform implementation: [org.hibernate.engine.transaction.jta.platform.internal.NoJtaPlatform]
[2023-04-13 20:32:26,419] INFO [org.hibernate.orm.connections.pooling: 608] HHH10001008: Cleaning up connection pool [jdbc:postgresql://localhost:5432/postgres]
[2023-04-13 20:34:38,754] INFO [org.hibernate.Version: 44] HHH000412: Hibernate ORM core version 6.1.7.Final
[2023-04-13 20:34:39,814] WARN [org.hibernate.orm.connections.pooling: 80] HHH10001002: Using built-in connection pool (not intended for production use)
[2023-04-13 20:34:39,819] INFO [org.hibernate.orm.connections.pooling: 139] HHH10001005: Loaded JDBC driver class: org.postgresql.Driver
[2023-04-13 20:34:39,819] INFO [org.hibernate.orm.connections.pooling: 161] HHH10001012: Connecting with JDBC URL [jdbc:postgresql://localhost:5432/postgres]
[2023-04-13 20:34:39,820] INFO [org.hibernate.orm.connections.pooling: 170] HHH10001001: Connection properties: {password=****, user=postgres}
[2023-04-13 20:34:39,820] INFO [org.hibernate.orm.connections.pooling: 174] HHH10001003: Autocommit mode: false
[2023-04-13 20:34:39,826] INFO [org.hibernate.orm.connections.pooling: 366] HHH10001115: Connection pool size: 20 (min=1)
[2023-04-13 20:34:40,238] INFO [SQL dialect: 66] HHH000400: Using dialect: org.hibernate.dialect.PostgreSQLDialect
[2023-04-13 20:34:41,861] INFO [org.hibernate.engine.transaction.jta.platform.internal.JtaPlatformInitiator: 51] HHH000490: Using JtaPlatform implementation: [org.hibernate.engine.transaction.jta.platform.internal.NoJtaPlatform]
[2023-04-13 20:34:42,008] WARN [org.hibernate.engine.jdbc.spi.SqlExceptionHelper: 133] SQL Error: 0, SQLState: 23505
[2023-04-13 20:34:42,008] ERROR [org.hibernate.engine.jdbc.spi.SqlExceptionHelper: 138] ОШИБКА: повторяющееся значение ключа нарушает ограничение уникальности "company_name_key"
  Подробности: Ключ "(name)=(Google)" уже существует.
[2023-04-13 20:34:42,025] INFO [org.hibernate.orm.connections.pooling: 608] HHH10001008: Cleaning up connection pool [jdbc:postgresql://localhost:5432/postgres]
[2023-04-13 20:34:57,274] INFO [org.hibernate.Version: 44] HHH000412: Hibernate ORM core version 6.1.7.Final
[2023-04-13 20:34:58,389] WARN [org.hibernate.orm.connections.pooling: 80] HHH10001002: Using built-in connection pool (not intended for production use)
[2023-04-13 20:34:58,395] INFO [org.hibernate.orm.connections.pooling: 139] HHH10001005: Loaded JDBC driver class: org.postgresql.Driver
[2023-04-13 20:34:58,395] INFO [org.hibernate.orm.connections.pooling: 161] HHH10001012: Connecting with JDBC URL [jdbc:postgresql://localhost:5432/postgres]
[2023-04-13 20:34:58,396] INFO [org.hibernate.orm.connections.pooling: 170] HHH10001001: Connection properties: {password=****, user=postgres}
[2023-04-13 20:34:58,396] INFO [org.hibernate.orm.connections.pooling: 174] HHH10001003: Autocommit mode: false
[2023-04-13 20:34:58,401] INFO [org.hibernate.orm.connections.pooling: 366] HHH10001115: Connection pool size: 20 (min=1)
[2023-04-13 20:34:58,750] INFO [SQL dialect: 66] HHH000400: Using dialect: org.hibernate.dialect.PostgreSQLDialect
[2023-04-13 20:35:00,054] INFO [org.hibernate.engine.transaction.jta.platform.internal.JtaPlatformInitiator: 51] HHH000490: Using JtaPlatform implementation: [org.hibernate.engine.transaction.jta.platform.internal.NoJtaPlatform]
[2023-04-13 20:35:00,257] INFO [org.hibernate.orm.connections.pooling: 608] HHH10001008: Cleaning up connection pool [jdbc:postgresql://localhost:5432/postgres]
[2023-04-13 20:39:06,339] INFO [org.hibernate.Version: 44] HHH000412: Hibernate ORM core version 6.1.7.Final
[2023-04-13 20:39:07,341] WARN [org.hibernate.orm.connections.pooling: 80] HHH10001002: Using built-in connection pool (not intended for production use)
[2023-04-13 20:39:07,346] INFO [org.hibernate.orm.connections.pooling: 139] HHH10001005: Loaded JDBC driver class: org.postgresql.Driver
[2023-04-13 20:39:07,347] INFO [org.hibernate.orm.connections.pooling: 161] HHH10001012: Connecting with JDBC URL [jdbc:postgresql://localhost:5432/postgres]
[2023-04-13 20:39:07,347] INFO [org.hibernate.orm.connections.pooling: 170] HHH10001001: Connection properties: {password=****, user=postgres}
[2023-04-13 20:39:07,347] INFO [org.hibernate.orm.connections.pooling: 174] HHH10001003: Autocommit mode: false
[2023-04-13 20:39:07,352] INFO [org.hibernate.orm.connections.pooling: 366] HHH10001115: Connection pool size: 20 (min=1)
[2023-04-13 20:39:07,697] INFO [SQL dialect: 66] HHH000400: Using dialect: org.hibernate.dialect.PostgreSQLDialect
[2023-04-13 20:39:09,199] INFO [org.hibernate.engine.transaction.jta.platform.internal.JtaPlatformInitiator: 51] HHH000490: Using JtaPlatform implementation: [org.hibernate.engine.transaction.jta.platform.internal.NoJtaPlatform]
[2023-04-13 20:39:09,363] INFO [org.hibernate.orm.connections.pooling: 608] HHH10001008: Cleaning up connection pool [jdbc:postgresql://localhost:5432/postgres]
[2023-04-13 20:39:40,225] INFO [org.hibernate.Version: 44] HHH000412: Hibernate ORM core version 6.1.7.Final
[2023-04-13 20:39:41,207] WARN [org.hibernate.orm.connections.pooling: 80] HHH10001002: Using built-in connection pool (not intended for production use)
[2023-04-13 20:39:41,212] INFO [org.hibernate.orm.connections.pooling: 139] HHH10001005: Loaded JDBC driver class: org.postgresql.Driver
[2023-04-13 20:39:41,212] INFO [org.hibernate.orm.connections.pooling: 161] HHH10001012: Connecting with JDBC URL [jdbc:postgresql://localhost:5432/postgres]
[2023-04-13 20:39:41,213] INFO [org.hibernate.orm.connections.pooling: 170] HHH10001001: Connection properties: {password=****, user=postgres}
[2023-04-13 20:39:41,213] INFO [org.hibernate.orm.connections.pooling: 174] HHH10001003: Autocommit mode: false
[2023-04-13 20:39:41,217] INFO [org.hibernate.orm.connections.pooling: 366] HHH10001115: Connection pool size: 20 (min=1)
[2023-04-13 20:39:41,662] INFO [SQL dialect: 66] HHH000400: Using dialect: org.hibernate.dialect.PostgreSQLDialect
[2023-04-13 20:39:43,194] INFO [org.hibernate.engine.transaction.jta.platform.internal.JtaPlatformInitiator: 51] HHH000490: Using JtaPlatform implementation: [org.hibernate.engine.transaction.jta.platform.internal.NoJtaPlatform]
[2023-04-13 20:39:43,391] INFO [org.hibernate.orm.connections.pooling: 608] HHH10001008: Cleaning up connection pool [jdbc:postgresql://localhost:5432/postgres]
[2023-04-13 20:50:14,003] INFO [org.hibernate.Version: 44] HHH000412: Hibernate ORM core version 6.1.7.Final
[2023-04-13 20:50:15,144] WARN [org.hibernate.orm.connections.pooling: 80] HHH10001002: Using built-in connection pool (not intended for production use)
[2023-04-13 20:50:15,149] INFO [org.hibernate.orm.connections.pooling: 139] HHH10001005: Loaded JDBC driver class: org.postgresql.Driver
[2023-04-13 20:50:15,149] INFO [org.hibernate.orm.connections.pooling: 161] HHH10001012: Connecting with JDBC URL [jdbc:postgresql://localhost:5432/postgres]
[2023-04-13 20:50:15,150] INFO [org.hibernate.orm.connections.pooling: 170] HHH10001001: Connection properties: {password=****, user=postgres}
[2023-04-13 20:50:15,150] INFO [org.hibernate.orm.connections.pooling: 174] HHH10001003: Autocommit mode: false
[2023-04-13 20:50:15,154] INFO [org.hibernate.orm.connections.pooling: 366] HHH10001115: Connection pool size: 20 (min=1)
[2023-04-13 20:50:15,521] INFO [SQL dialect: 66] HHH000400: Using dialect: org.hibernate.dialect.PostgreSQLDialect
[2023-04-13 20:50:16,966] INFO [org.hibernate.engine.transaction.jta.platform.internal.JtaPlatformInitiator: 51] HHH000490: Using JtaPlatform implementation: [org.hibernate.engine.transaction.jta.platform.internal.NoJtaPlatform]
[2023-04-13 20:50:17,175] INFO [org.hibernate.orm.connections.pooling: 608] HHH10001008: Cleaning up connection pool [jdbc:postgresql://localhost:5432/postgres]
[2023-04-13 20:51:36,410] INFO [org.hibernate.Version: 44] HHH000412: Hibernate ORM core version 6.1.7.Final
[2023-04-13 20:51:37,482] WARN [org.hibernate.orm.connections.pooling: 80] HHH10001002: Using built-in connection pool (not intended for production use)
[2023-04-13 20:51:37,488] INFO [org.hibernate.orm.connections.pooling: 139] HHH10001005: Loaded JDBC driver class: org.postgresql.Driver
[2023-04-13 20:51:37,488] INFO [org.hibernate.orm.connections.pooling: 161] HHH10001012: Connecting with JDBC URL [jdbc:postgresql://localhost:5432/postgres]
[2023-04-13 20:51:37,489] INFO [org.hibernate.orm.connections.pooling: 170] HHH10001001: Connection properties: {password=****, user=postgres}
[2023-04-13 20:51:37,489] INFO [org.hibernate.orm.connections.pooling: 174] HHH10001003: Autocommit mode: false
[2023-04-13 20:51:37,498] INFO [org.hibernate.orm.connections.pooling: 366] HHH10001115: Connection pool size: 20 (min=1)
[2023-04-13 20:51:37,886] INFO [SQL dialect: 66] HHH000400: Using dialect: org.hibernate.dialect.PostgreSQLDialect
[2023-04-13 20:51:39,762] INFO [org.hibernate.engine.transaction.jta.platform.internal.JtaPlatformInitiator: 51] HHH000490: Using JtaPlatform implementation: [org.hibernate.engine.transaction.jta.platform.internal.NoJtaPlatform]
[2023-04-13 20:51:40,096] INFO [org.hibernate.orm.connections.pooling: 608] HHH10001008: Cleaning up connection pool [jdbc:postgresql://localhost:5432/postgres]
[2023-04-13 20:53:26,715] INFO [org.hibernate.Version: 44] HHH000412: Hibernate ORM core version 6.1.7.Final
[2023-04-13 20:53:28,010] WARN [org.hibernate.orm.connections.pooling: 80] HHH10001002: Using built-in connection pool (not intended for production use)
[2023-04-13 20:53:28,019] INFO [org.hibernate.orm.connections.pooling: 139] HHH10001005: Loaded JDBC driver class: org.postgresql.Driver
[2023-04-13 20:53:28,020] INFO [org.hibernate.orm.connections.pooling: 161] HHH10001012: Connecting with JDBC URL [jdbc:postgresql://localhost:5432/postgres]
[2023-04-13 20:53:28,021] INFO [org.hibernate.orm.connections.pooling: 170] HHH10001001: Connection properties: {password=****, user=postgres}
[2023-04-13 20:53:28,022] INFO [org.hibernate.orm.connections.pooling: 174] HHH10001003: Autocommit mode: false
[2023-04-13 20:53:28,028] INFO [org.hibernate.orm.connections.pooling: 366] HHH10001115: Connection pool size: 20 (min=1)
[2023-04-13 20:53:28,480] INFO [SQL dialect: 66] HHH000400: Using dialect: org.hibernate.dialect.PostgreSQLDialect
[2023-04-13 20:53:30,419] INFO [org.hibernate.engine.transaction.jta.platform.internal.JtaPlatformInitiator: 51] HHH000490: Using JtaPlatform implementation: [org.hibernate.engine.transaction.jta.platform.internal.NoJtaPlatform]
[2023-04-13 20:53:30,708] INFO [org.hibernate.orm.connections.pooling: 608] HHH10001008: Cleaning up connection pool [jdbc:postgresql://localhost:5432/postgres]
[2023-04-13 21:22:59,475] INFO [org.hibernate.Version: 44] HHH000412: Hibernate ORM core version 6.1.7.Final
[2023-04-13 21:23:00,788] WARN [org.hibernate.orm.connections.pooling: 80] HHH10001002: Using built-in connection pool (not intended for production use)
[2023-04-13 21:23:00,796] INFO [org.hibernate.orm.connections.pooling: 139] HHH10001005: Loaded JDBC driver class: org.postgresql.Driver
[2023-04-13 21:23:00,796] INFO [org.hibernate.orm.connections.pooling: 161] HHH10001012: Connecting with JDBC URL [jdbc:postgresql://localhost:5432/postgres]
[2023-04-13 21:23:00,798] INFO [org.hibernate.orm.connections.pooling: 170] HHH10001001: Connection properties: {password=****, user=postgres}
[2023-04-13 21:23:00,798] INFO [org.hibernate.orm.connections.pooling: 174] HHH10001003: Autocommit mode: false
[2023-04-13 21:23:00,803] INFO [org.hibernate.orm.connections.pooling: 366] HHH10001115: Connection pool size: 20 (min=1)
[2023-04-13 21:23:01,332] INFO [SQL dialect: 66] HHH000400: Using dialect: org.hibernate.dialect.PostgreSQLDialect
[2023-04-13 21:23:03,034] INFO [org.hibernate.engine.transaction.jta.platform.internal.JtaPlatformInitiator: 51] HHH000490: Using JtaPlatform implementation: [org.hibernate.engine.transaction.jta.platform.internal.NoJtaPlatform]
[2023-04-13 21:23:03,252] INFO [org.hibernate.orm.connections.pooling: 608] HHH10001008: Cleaning up connection pool [jdbc:postgresql://localhost:5432/postgres]
[2023-04-14 19:11:16,098] INFO [org.hibernate.Version: 44] HHH000412: Hibernate ORM core version 6.1.7.Final
[2023-04-14 19:11:17,668] WARN [org.hibernate.orm.connections.pooling: 80] HHH10001002: Using built-in connection pool (not intended for production use)
[2023-04-14 19:11:17,677] INFO [org.hibernate.orm.connections.pooling: 139] HHH10001005: Loaded JDBC driver class: org.postgresql.Driver
[2023-04-14 19:11:17,678] INFO [org.hibernate.orm.connections.pooling: 161] HHH10001012: Connecting with JDBC URL [jdbc:postgresql://localhost:5432/postgres]
[2023-04-14 19:11:17,679] INFO [org.hibernate.orm.connections.pooling: 170] HHH10001001: Connection properties: {password=****, user=postgres}
[2023-04-14 19:11:17,681] INFO [org.hibernate.orm.connections.pooling: 174] HHH10001003: Autocommit mode: false
[2023-04-14 19:11:17,689] INFO [org.hibernate.orm.connections.pooling: 366] HHH10001115: Connection pool size: 20 (min=1)
[2023-04-14 19:11:18,424] INFO [SQL dialect: 66] HHH000400: Using dialect: org.hibernate.dialect.PostgreSQLDialect
[2023-04-14 19:11:20,385] INFO [org.hibernate.engine.transaction.jta.platform.internal.JtaPlatformInitiator: 51] HHH000490: Using JtaPlatform implementation: [org.hibernate.engine.transaction.jta.platform.internal.NoJtaPlatform]
[2023-04-14 19:12:57,428] INFO [org.hibernate.Version: 44] HHH000412: Hibernate ORM core version 6.1.7.Final
[2023-04-14 19:12:59,730] WARN [org.hibernate.orm.connections.pooling: 80] HHH10001002: Using built-in connection pool (not intended for production use)
[2023-04-14 19:12:59,741] INFO [org.hibernate.orm.connections.pooling: 139] HHH10001005: Loaded JDBC driver class: org.postgresql.Driver
[2023-04-14 19:12:59,742] INFO [org.hibernate.orm.connections.pooling: 161] HHH10001012: Connecting with JDBC URL [jdbc:postgresql://localhost:5432/postgres]
[2023-04-14 19:12:59,743] INFO [org.hibernate.orm.connections.pooling: 170] HHH10001001: Connection properties: {password=****, user=postgres}
[2023-04-14 19:12:59,744] INFO [org.hibernate.orm.connections.pooling: 174] HHH10001003: Autocommit mode: false
[2023-04-14 19:12:59,752] INFO [org.hibernate.orm.connections.pooling: 366] HHH10001115: Connection pool size: 20 (min=1)
[2023-04-14 19:13:00,267] INFO [SQL dialect: 66] HHH000400: Using dialect: org.hibernate.dialect.PostgreSQLDialect
[2023-04-14 19:13:03,816] INFO [org.hibernate.engine.transaction.jta.platform.internal.JtaPlatformInitiator: 51] HHH000490: Using JtaPlatform implementation: [org.hibernate.engine.transaction.jta.platform.internal.NoJtaPlatform]
[2023-04-14 19:13:33,874] INFO [org.hibernate.Version: 44] HHH000412: Hibernate ORM core version 6.1.7.Final
[2023-04-14 19:13:35,081] WARN [org.hibernate.orm.connections.pooling: 80] HHH10001002: Using built-in connection pool (not intended for production use)
[2023-04-14 19:13:35,090] INFO [org.hibernate.orm.connections.pooling: 139] HHH10001005: Loaded JDBC driver class: org.postgresql.Driver
[2023-04-14 19:13:35,091] INFO [org.hibernate.orm.connections.pooling: 161] HHH10001012: Connecting with JDBC URL [jdbc:postgresql://localhost:5432/postgres]
[2023-04-14 19:13:35,092] INFO [org.hibernate.orm.connections.pooling: 170] HHH10001001: Connection properties: {password=****, user=postgres}
[2023-04-14 19:13:35,093] INFO [org.hibernate.orm.connections.pooling: 174] HHH10001003: Autocommit mode: false
[2023-04-14 19:13:35,103] INFO [org.hibernate.orm.connections.pooling: 366] HHH10001115: Connection pool size: 20 (min=1)
[2023-04-14 19:13:35,626] INFO [SQL dialect: 66] HHH000400: Using dialect: org.hibernate.dialect.PostgreSQLDialect
[2023-04-14 19:13:37,626] INFO [org.hibernate.engine.transaction.jta.platform.internal.JtaPlatformInitiator: 51] HHH000490: Using JtaPlatform implementation: [org.hibernate.engine.transaction.jta.platform.internal.NoJtaPlatform]
[2023-04-14 19:15:01,334] INFO [org.hibernate.Version: 44] HHH000412: Hibernate ORM core version 6.1.7.Final
[2023-04-14 19:15:03,555] WARN [org.hibernate.orm.connections.pooling: 80] HHH10001002: Using built-in connection pool (not intended for production use)
[2023-04-14 19:15:03,562] INFO [org.hibernate.orm.connections.pooling: 139] HHH10001005: Loaded JDBC driver class: org.postgresql.Driver
[2023-04-14 19:15:03,563] INFO [org.hibernate.orm.connections.pooling: 161] HHH10001012: Connecting with JDBC URL [jdbc:postgresql://localhost:5432/postgres]
[2023-04-14 19:15:03,565] INFO [org.hibernate.orm.connections.pooling: 170] HHH10001001: Connection properties: {password=****, user=postgres}
[2023-04-14 19:15:03,566] INFO [org.hibernate.orm.connections.pooling: 174] HHH10001003: Autocommit mode: false
[2023-04-14 19:15:03,577] INFO [org.hibernate.orm.connections.pooling: 366] HHH10001115: Connection pool size: 20 (min=1)
[2023-04-14 19:15:04,053] INFO [SQL dialect: 66] HHH000400: Using dialect: org.hibernate.dialect.PostgreSQLDialect
[2023-04-14 19:15:06,430] INFO [org.hibernate.engine.transaction.jta.platform.internal.JtaPlatformInitiator: 51] HHH000490: Using JtaPlatform implementation: [org.hibernate.engine.transaction.jta.platform.internal.NoJtaPlatform]
[2023-04-14 19:28:23,906] INFO [org.hibernate.Version: 44] HHH000412: Hibernate ORM core version 6.1.7.Final
[2023-04-14 19:28:25,595] WARN [org.hibernate.orm.connections.pooling: 80] HHH10001002: Using built-in connection pool (not intended for production use)
[2023-04-14 19:28:25,604] INFO [org.hibernate.orm.connections.pooling: 139] HHH10001005: Loaded JDBC driver class: org.postgresql.Driver
[2023-04-14 19:28:25,605] INFO [org.hibernate.orm.connections.pooling: 161] HHH10001012: Connecting with JDBC URL [jdbc:postgresql://localhost:5432/postgres]
[2023-04-14 19:28:25,605] INFO [org.hibernate.orm.connections.pooling: 170] HHH10001001: Connection properties: {password=****, user=postgres}
[2023-04-14 19:28:25,606] INFO [org.hibernate.orm.connections.pooling: 174] HHH10001003: Autocommit mode: false
[2023-04-14 19:28:25,613] INFO [org.hibernate.orm.connections.pooling: 366] HHH10001115: Connection pool size: 20 (min=1)
[2023-04-14 19:28:26,115] INFO [SQL dialect: 66] HHH000400: Using dialect: org.hibernate.dialect.PostgreSQLDialect
[2023-04-14 19:28:27,634] INFO [org.hibernate.engine.transaction.jta.platform.internal.JtaPlatformInitiator: 51] HHH000490: Using JtaPlatform implementation: [org.hibernate.engine.transaction.jta.platform.internal.NoJtaPlatform]
[2023-04-14 19:28:27,861] INFO [org.hibernate.orm.connections.pooling: 608] HHH10001008: Cleaning up connection pool [jdbc:postgresql://localhost:5432/postgres]
[2023-04-14 19:29:20,430] INFO [org.hibernate.Version: 44] HHH000412: Hibernate ORM core version 6.1.7.Final
[2023-04-14 19:29:21,600] WARN [org.hibernate.orm.connections.pooling: 80] HHH10001002: Using built-in connection pool (not intended for production use)
[2023-04-14 19:29:21,606] INFO [org.hibernate.orm.connections.pooling: 139] HHH10001005: Loaded JDBC driver class: org.postgresql.Driver
[2023-04-14 19:29:21,606] INFO [org.hibernate.orm.connections.pooling: 161] HHH10001012: Connecting with JDBC URL [jdbc:postgresql://localhost:5432/postgres]
[2023-04-14 19:29:21,607] INFO [org.hibernate.orm.connections.pooling: 170] HHH10001001: Connection properties: {password=****, user=postgres}
[2023-04-14 19:29:21,608] INFO [org.hibernate.orm.connections.pooling: 174] HHH10001003: Autocommit mode: false
[2023-04-14 19:29:21,613] INFO [org.hibernate.orm.connections.pooling: 366] HHH10001115: Connection pool size: 20 (min=1)
[2023-04-14 19:29:22,011] INFO [SQL dialect: 66] HHH000400: Using dialect: org.hibernate.dialect.PostgreSQLDialect
[2023-04-14 19:29:23,613] INFO [org.hibernate.engine.transaction.jta.platform.internal.JtaPlatformInitiator: 51] HHH000490: Using JtaPlatform implementation: [org.hibernate.engine.transaction.jta.platform.internal.NoJtaPlatform]
[2023-04-14 19:29:23,707] INFO [org.hibernate.orm.connections.pooling: 608] HHH10001008: Cleaning up connection pool [jdbc:postgresql://localhost:5432/postgres]
[2023-04-14 19:29:44,232] INFO [org.hibernate.Version: 44] HHH000412: Hibernate ORM core version 6.1.7.Final
[2023-04-14 19:29:45,365] WARN [org.hibernate.orm.connections.pooling: 80] HHH10001002: Using built-in connection pool (not intended for production use)
[2023-04-14 19:29:45,369] INFO [org.hibernate.orm.connections.pooling: 139] HHH10001005: Loaded JDBC driver class: org.postgresql.Driver
[2023-04-14 19:29:45,370] INFO [org.hibernate.orm.connections.pooling: 161] HHH10001012: Connecting with JDBC URL [jdbc:postgresql://localhost:5432/postgres]
[2023-04-14 19:29:45,370] INFO [org.hibernate.orm.connections.pooling: 170] HHH10001001: Connection properties: {password=****, user=postgres}
[2023-04-14 19:29:45,370] INFO [org.hibernate.orm.connections.pooling: 174] HHH10001003: Autocommit mode: false
[2023-04-14 19:29:45,375] INFO [org.hibernate.orm.connections.pooling: 366] HHH10001115: Connection pool size: 20 (min=1)
[2023-04-14 19:30:02,857] INFO [org.hibernate.Version: 44] HHH000412: Hibernate ORM core version 6.1.7.Final
[2023-04-14 19:30:04,076] WARN [org.hibernate.orm.connections.pooling: 80] HHH10001002: Using built-in connection pool (not intended for production use)
[2023-04-14 19:30:04,083] INFO [org.hibernate.orm.connections.pooling: 139] HHH10001005: Loaded JDBC driver class: org.postgresql.Driver
[2023-04-14 19:30:04,083] INFO [org.hibernate.orm.connections.pooling: 161] HHH10001012: Connecting with JDBC URL [jdbc:postgresql://localhost:5432/postgres]
[2023-04-14 19:30:04,084] INFO [org.hibernate.orm.connections.pooling: 170] HHH10001001: Connection properties: {password=****, user=postgres}
[2023-04-14 19:30:04,084] INFO [org.hibernate.orm.connections.pooling: 174] HHH10001003: Autocommit mode: false
[2023-04-14 19:30:04,092] INFO [org.hibernate.orm.connections.pooling: 366] HHH10001115: Connection pool size: 20 (min=1)
[2023-04-14 19:30:04,534] INFO [SQL dialect: 66] HHH000400: Using dialect: org.hibernate.dialect.PostgreSQLDialect
[2023-04-14 19:30:06,168] INFO [org.hibernate.engine.transaction.jta.platform.internal.JtaPlatformInitiator: 51] HHH000490: Using JtaPlatform implementation: [org.hibernate.engine.transaction.jta.platform.internal.NoJtaPlatform]
[2023-04-14 19:31:28,686] INFO [org.hibernate.Version: 44] HHH000412: Hibernate ORM core version 6.1.7.Final
[2023-04-14 19:31:29,941] WARN [org.hibernate.orm.connections.pooling: 80] HHH10001002: Using built-in connection pool (not intended for production use)
[2023-04-14 19:31:29,947] INFO [org.hibernate.orm.connections.pooling: 139] HHH10001005: Loaded JDBC driver class: org.postgresql.Driver
[2023-04-14 19:31:29,947] INFO [org.hibernate.orm.connections.pooling: 161] HHH10001012: Connecting with JDBC URL [jdbc:postgresql://localhost:5432/postgres]
[2023-04-14 19:31:29,948] INFO [org.hibernate.orm.connections.pooling: 170] HHH10001001: Connection properties: {password=****, user=postgres}
[2023-04-14 19:31:29,948] INFO [org.hibernate.orm.connections.pooling: 174] HHH10001003: Autocommit mode: false
[2023-04-14 19:31:29,953] INFO [org.hibernate.orm.connections.pooling: 366] HHH10001115: Connection pool size: 20 (min=1)
[2023-04-14 19:31:30,390] INFO [SQL dialect: 66] HHH000400: Using dialect: org.hibernate.dialect.PostgreSQLDialect
[2023-04-14 19:31:32,201] INFO [org.hibernate.engine.transaction.jta.platform.internal.JtaPlatformInitiator: 51] HHH000490: Using JtaPlatform implementation: [org.hibernate.engine.transaction.jta.platform.internal.NoJtaPlatform]
[2023-04-14 19:35:04,995] INFO [org.hibernate.Version: 44] HHH000412: Hibernate ORM core version 6.1.7.Final
[2023-04-14 19:35:06,201] WARN [org.hibernate.orm.connections.pooling: 80] HHH10001002: Using built-in connection pool (not intended for production use)
[2023-04-14 19:35:06,212] INFO [org.hibernate.orm.connections.pooling: 139] HHH10001005: Loaded JDBC driver class: org.postgresql.Driver
[2023-04-14 19:35:06,212] INFO [org.hibernate.orm.connections.pooling: 161] HHH10001012: Connecting with JDBC URL [jdbc:postgresql://localhost:5432/postgres]
[2023-04-14 19:35:06,214] INFO [org.hibernate.orm.connections.pooling: 170] HHH10001001: Connection properties: {password=****, user=postgres}
[2023-04-14 19:35:06,215] INFO [org.hibernate.orm.connections.pooling: 174] HHH10001003: Autocommit mode: false
[2023-04-14 19:35:06,224] INFO [org.hibernate.orm.connections.pooling: 366] HHH10001115: Connection pool size: 20 (min=1)
[2023-04-14 19:35:06,685] INFO [SQL dialect: 66] HHH000400: Using dialect: org.hibernate.dialect.PostgreSQLDialect
[2023-04-14 19:35:08,439] INFO [org.hibernate.engine.transaction.jta.platform.internal.JtaPlatformInitiator: 51] HHH000490: Using JtaPlatform implementation: [org.hibernate.engine.transaction.jta.platform.internal.NoJtaPlatform]
[2023-04-14 19:35:08,679] INFO [org.hibernate.orm.connections.pooling: 608] HHH10001008: Cleaning up connection pool [jdbc:postgresql://localhost:5432/postgres]
[2023-04-14 19:36:09,937] INFO [org.hibernate.Version: 44] HHH000412: Hibernate ORM core version 6.1.7.Final
[2023-04-14 19:36:11,114] WARN [org.hibernate.orm.connections.pooling: 80] HHH10001002: Using built-in connection pool (not intended for production use)
[2023-04-14 19:36:11,122] INFO [org.hibernate.orm.connections.pooling: 139] HHH10001005: Loaded JDBC driver class: org.postgresql.Driver
[2023-04-14 19:36:11,124] INFO [org.hibernate.orm.connections.pooling: 161] HHH10001012: Connecting with JDBC URL [jdbc:postgresql://localhost:5432/postgres]
[2023-04-14 19:36:11,125] INFO [org.hibernate.orm.connections.pooling: 170] HHH10001001: Connection properties: {password=****, user=postgres}
[2023-04-14 19:36:11,126] INFO [org.hibernate.orm.connections.pooling: 174] HHH10001003: Autocommit mode: false
[2023-04-14 19:36:11,133] INFO [org.hibernate.orm.connections.pooling: 366] HHH10001115: Connection pool size: 20 (min=1)
[2023-04-14 19:36:11,580] INFO [SQL dialect: 66] HHH000400: Using dialect: org.hibernate.dialect.PostgreSQLDialect
[2023-04-14 19:36:13,686] INFO [org.hibernate.engine.transaction.jta.platform.internal.JtaPlatformInitiator: 51] HHH000490: Using JtaPlatform implementation: [org.hibernate.engine.transaction.jta.platform.internal.NoJtaPlatform]
[2023-04-14 19:36:14,105] INFO [org.hibernate.orm.connections.pooling: 608] HHH10001008: Cleaning up connection pool [jdbc:postgresql://localhost:5432/postgres]
